0 info it worked if it ends with ok
1 verbose cli [ '/usr/local/bin/node', '/usr/local/bin/npm', 'install' ]
2 info using npm@1.4.28
3 info using node@v0.10.33
4 warn package.json react-tutorial@0.0.0 No README data
5 verbose readDependencies using package.json deps
6 verbose install where, deps [ '/projects/puppycamera', [ 'body-parser', 'express' ] ]
7 info preinstall react-tutorial@0.0.0
8 verbose readDependencies using package.json deps
9 verbose cache add [ 'body-parser@^1.4.3', null ]
10 verbose cache add name=undefined spec="body-parser@^1.4.3" args=["body-parser@^1.4.3",null]
11 verbose parsed url { protocol: null,
11 verbose parsed url   slashes: null,
11 verbose parsed url   auth: null,
11 verbose parsed url   host: null,
11 verbose parsed url   port: null,
11 verbose parsed url   hostname: null,
11 verbose parsed url   hash: null,
11 verbose parsed url   search: null,
11 verbose parsed url   query: null,
11 verbose parsed url   pathname: 'body-parser@^1.4.3',
11 verbose parsed url   path: 'body-parser@^1.4.3',
11 verbose parsed url   href: 'body-parser@^1.4.3' }
12 verbose cache add [ 'express@^4.4.5', null ]
13 verbose cache add name=undefined spec="express@^4.4.5" args=["express@^4.4.5",null]
14 verbose parsed url { protocol: null,
14 verbose parsed url   slashes: null,
14 verbose parsed url   auth: null,
14 verbose parsed url   host: null,
14 verbose parsed url   port: null,
14 verbose parsed url   hostname: null,
14 verbose parsed url   hash: null,
14 verbose parsed url   search: null,
14 verbose parsed url   query: null,
14 verbose parsed url   pathname: 'express@^4.4.5',
14 verbose parsed url   path: 'express@^4.4.5',
14 verbose parsed url   href: 'express@^4.4.5' }
15 verbose cache add name="body-parser" spec="^1.4.3" args=["body-parser","^1.4.3"]
16 verbose parsed url { protocol: null,
16 verbose parsed url   slashes: null,
16 verbose parsed url   auth: null,
16 verbose parsed url   host: null,
16 verbose parsed url   port: null,
16 verbose parsed url   hostname: null,
16 verbose parsed url   hash: null,
16 verbose parsed url   search: null,
16 verbose parsed url   query: null,
16 verbose parsed url   pathname: '^1.4.3',
16 verbose parsed url   path: '^1.4.3',
16 verbose parsed url   href: '^1.4.3' }
17 verbose addNamed [ 'body-parser', '^1.4.3' ]
18 verbose addNamed [ null, '>=1.4.3-0 <2.0.0-0' ]
19 verbose cache add name="express" spec="^4.4.5" args=["express","^4.4.5"]
20 verbose parsed url { protocol: null,
20 verbose parsed url   slashes: null,
20 verbose parsed url   auth: null,
20 verbose parsed url   host: null,
20 verbose parsed url   port: null,
20 verbose parsed url   hostname: null,
20 verbose parsed url   hash: null,
20 verbose parsed url   search: null,
20 verbose parsed url   query: null,
20 verbose parsed url   pathname: '^4.4.5',
20 verbose parsed url   path: '^4.4.5',
20 verbose parsed url   href: '^4.4.5' }
21 verbose addNamed [ 'express', '^4.4.5' ]
22 verbose addNamed [ null, '>=4.4.5-0 <5.0.0-0' ]
23 silly lockFile d9294800-body-parser-1-4-3 body-parser@^1.4.3
24 verbose lock body-parser@^1.4.3 /Users/antonio/.npm/d9294800-body-parser-1-4-3.lock
25 silly lockFile 2ccc2f38-express-4-4-5 express@^4.4.5
26 verbose lock express@^4.4.5 /Users/antonio/.npm/2ccc2f38-express-4-4-5.lock
27 silly addNameRange { name: 'body-parser',
27 silly addNameRange   range: '>=1.4.3-0 <2.0.0-0',
27 silly addNameRange   hasData: false }
28 silly addNameRange { name: 'express', range: '>=4.4.5-0 <5.0.0-0', hasData: false }
29 verbose request where is /body-parser
30 verbose request registry https://registry.npmjs.org/
31 verbose request id 666270a402b74890
32 verbose url raw /body-parser
33 verbose url resolving [ 'https://registry.npmjs.org/', './body-parser' ]
34 verbose url resolved https://registry.npmjs.org/body-parser
35 verbose request where is https://registry.npmjs.org/body-parser
36 info trying registry request attempt 1 at 12:21:19
37 verbose etag "F1XJQAAGBFIH6FZQ7GIF6IZ57"
38 http GET https://registry.npmjs.org/body-parser
39 verbose request where is /express
40 verbose request registry https://registry.npmjs.org/
41 verbose url raw /express
42 verbose url resolving [ 'https://registry.npmjs.org/', './express' ]
43 verbose url resolved https://registry.npmjs.org/express
44 verbose request where is https://registry.npmjs.org/express
45 info trying registry request attempt 1 at 12:21:19
46 verbose etag "1026GTY3ZQP6VKZAVDA8008PC"
47 http GET https://registry.npmjs.org/express
48 http 200 https://registry.npmjs.org/body-parser
49 silly registry.get cb [ 200,
49 silly registry.get   { date: 'Sat, 25 Apr 2015 18:21:17 GMT',
49 silly registry.get     server: 'CouchDB/1.5.0 (Erlang OTP/R16B03)',
49 silly registry.get     etag: '"4G98EU7AUYVB9BCPCY2CI2RYD"',
49 silly registry.get     'content-type': 'application/json',
49 silly registry.get     'cache-control': 'max-age=60',
49 silly registry.get     'content-length': '95465',
49 silly registry.get     'accept-ranges': 'bytes',
49 silly registry.get     via: '1.1 varnish',
49 silly registry.get     age: '21',
49 silly registry.get     'x-served-by': 'cache-jfk1030-JFK',
49 silly registry.get     'x-cache': 'HIT',
49 silly registry.get     'x-cache-hits': '1',
49 silly registry.get     'x-timer': 'S1429986077.071445,VS0,VE1',
49 silly registry.get     vary: 'Accept',
49 silly registry.get     'keep-alive': 'timeout=10, max=50',
49 silly registry.get     connection: 'Keep-Alive' } ]
50 silly addNameRange number 2 { name: 'body-parser',
50 silly addNameRange   range: '>=1.4.3-0 <2.0.0-0',
50 silly addNameRange   hasData: true }
51 silly addNameRange versions [ 'body-parser',
51 silly addNameRange   [ '1.0.0',
51 silly addNameRange     '1.0.1',
51 silly addNameRange     '1.0.2',
51 silly addNameRange     '1.1.0',
51 silly addNameRange     '1.1.1',
51 silly addNameRange     '1.1.2',
51 silly addNameRange     '1.2.0',
51 silly addNameRange     '1.2.1',
51 silly addNameRange     '1.2.2',
51 silly addNameRange     '1.3.0',
51 silly addNameRange     '1.3.1',
51 silly addNameRange     '1.4.0',
51 silly addNameRange     '1.4.1',
51 silly addNameRange     '1.4.2',
51 silly addNameRange     '1.4.3',
51 silly addNameRange     '1.5.0',
51 silly addNameRange     '1.5.1',
51 silly addNameRange     '1.5.2',
51 silly addNameRange     '1.6.0',
51 silly addNameRange     '1.6.1',
51 silly addNameRange     '1.6.2',
51 silly addNameRange     '1.6.3',
51 silly addNameRange     '1.6.4',
51 silly addNameRange     '1.6.5',
51 silly addNameRange     '1.6.6',
51 silly addNameRange     '1.6.7',
51 silly addNameRange     '1.7.0',
51 silly addNameRange     '1.8.0',
51 silly addNameRange     '1.8.1',
51 silly addNameRange     '1.8.2',
51 silly addNameRange     '1.8.3',
51 silly addNameRange     '1.8.4',
51 silly addNameRange     '1.9.0',
51 silly addNameRange     '1.9.1',
51 silly addNameRange     '1.9.2',
51 silly addNameRange     '1.9.3',
51 silly addNameRange     '1.10.0',
51 silly addNameRange     '1.10.1',
51 silly addNameRange     '1.10.2',
51 silly addNameRange     '1.11.0',
51 silly addNameRange     '1.12.0',
51 silly addNameRange     '1.12.1',
51 silly addNameRange     '1.12.2',
51 silly addNameRange     '1.12.3' ] ]
52 verbose addNamed [ 'body-parser', '1.12.3' ]
53 verbose addNamed [ '1.12.3', '1.12.3' ]
54 silly lockFile 8155d77e-body-parser-1-12-3 body-parser@1.12.3
55 verbose lock body-parser@1.12.3 /Users/antonio/.npm/8155d77e-body-parser-1-12-3.lock
56 silly lockFile b3fe3611-dy-parser-body-parser-1-12-3-tgz https://registry.npmjs.org/body-parser/-/body-parser-1.12.3.tgz
57 verbose lock https://registry.npmjs.org/body-parser/-/body-parser-1.12.3.tgz /Users/antonio/.npm/b3fe3611-dy-parser-body-parser-1-12-3-tgz.lock
58 verbose addRemoteTarball [ 'https://registry.npmjs.org/body-parser/-/body-parser-1.12.3.tgz',
58 verbose addRemoteTarball   '5f40bf17e7823be6895d4d35582752e36cf97f71' ]
59 info retry fetch attempt 1 at 12:21:20
60 verbose fetch to= /var/folders/pd/rrd8qx1n5fs9rzl92h1x2gnm0000gn/T/npm-37697-iYORUhn5/registry.npmjs.org/body-parser/-/body-parser-1.12.3.tgz
61 http GET https://registry.npmjs.org/body-parser/-/body-parser-1.12.3.tgz
62 http 200 https://registry.npmjs.org/body-parser/-/body-parser-1.12.3.tgz
63 silly lockFile b3fe3611-dy-parser-body-parser-1-12-3-tgz https://registry.npmjs.org/body-parser/-/body-parser-1.12.3.tgz
64 silly lockFile b3fe3611-dy-parser-body-parser-1-12-3-tgz https://registry.npmjs.org/body-parser/-/body-parser-1.12.3.tgz
65 silly lockFile 8155d77e-body-parser-1-12-3 body-parser@1.12.3
66 silly lockFile 8155d77e-body-parser-1-12-3 body-parser@1.12.3
67 silly lockFile d9294800-body-parser-1-4-3 body-parser@^1.4.3
68 silly lockFile d9294800-body-parser-1-4-3 body-parser@^1.4.3
69 http 200 https://registry.npmjs.org/express
70 silly registry.get cb [ 200,
70 silly registry.get   { date: 'Sat, 25 Apr 2015 18:21:17 GMT',
70 silly registry.get     server: 'CouchDB/1.5.0 (Erlang OTP/R16B03)',
70 silly registry.get     etag: '"35G58KOR0JKE7GSUJFXNGPUZU"',
70 silly registry.get     'content-type': 'application/json',
70 silly registry.get     'cache-control': 'max-age=60',
70 silly registry.get     'content-length': '492627',
70 silly registry.get     'accept-ranges': 'bytes',
70 silly registry.get     via: '1.1 varnish',
70 silly registry.get     age: '5',
70 silly registry.get     'x-served-by': 'cache-jfk1028-JFK',
70 silly registry.get     'x-cache': 'HIT',
70 silly registry.get     'x-cache-hits': '1',
70 silly registry.get     'x-timer': 'S1429986077.077493,VS0,VE3',
70 silly registry.get     vary: 'Accept',
70 silly registry.get     'keep-alive': 'timeout=10, max=50',
70 silly registry.get     connection: 'Keep-Alive' } ]
71 silly addNameRange number 2 { name: 'express', range: '>=4.4.5-0 <5.0.0-0', hasData: true }
72 silly addNameRange versions [ 'express',
72 silly addNameRange   [ '0.14.0',
72 silly addNameRange     '0.14.1',
72 silly addNameRange     '1.0.0',
72 silly addNameRange     '1.0.1',
72 silly addNameRange     '1.0.2',
72 silly addNameRange     '1.0.3',
72 silly addNameRange     '1.0.4',
72 silly addNameRange     '1.0.5',
72 silly addNameRange     '1.0.6',
72 silly addNameRange     '1.0.7',
72 silly addNameRange     '1.0.8',
72 silly addNameRange     '2.0.0',
72 silly addNameRange     '2.1.0',
72 silly addNameRange     '2.1.1',
72 silly addNameRange     '2.2.0',
72 silly addNameRange     '2.2.1',
72 silly addNameRange     '2.2.2',
72 silly addNameRange     '2.3.0',
72 silly addNameRange     '2.3.1',
72 silly addNameRange     '2.3.2',
72 silly addNameRange     '2.3.3',
72 silly addNameRange     '2.3.4',
72 silly addNameRange     '2.3.5',
72 silly addNameRange     '2.3.6',
72 silly addNameRange     '2.3.7',
72 silly addNameRange     '2.3.8',
72 silly addNameRange     '2.3.9',
72 silly addNameRange     '2.3.10',
72 silly addNameRange     '2.3.11',
72 silly addNameRange     '2.3.12',
72 silly addNameRange     '2.4.0',
72 silly addNameRange     '2.4.1',
72 silly addNameRange     '2.4.2',
72 silly addNameRange     '2.4.3',
72 silly addNameRange     '2.4.4',
72 silly addNameRange     '2.4.5',
72 silly addNameRange     '2.4.6',
72 silly addNameRange     '2.4.7',
72 silly addNameRange     '2.5.0',
72 silly addNameRange     '2.5.1',
72 silly addNameRange     '2.5.2',
72 silly addNameRange     '2.5.3',
72 silly addNameRange     '2.5.4',
72 silly addNameRange     '2.5.5',
72 silly addNameRange     '2.5.6',
72 silly addNameRange     '2.5.7',
72 silly addNameRange     '2.5.8',
72 silly addNameRange     '2.5.9',
72 silly addNameRange     '2.5.10',
72 silly addNameRange     '2.5.11',
72 silly addNameRange     '3.0.0',
72 silly addNameRange     '3.0.1',
72 silly addNameRange     '3.0.2',
72 silly addNameRange     '3.0.3',
72 silly addNameRange     '3.0.4',
72 silly addNameRange     '3.0.5',
72 silly addNameRange     '3.0.6',
72 silly addNameRange     '3.1.0',
72 silly addNameRange     '3.1.1',
72 silly addNameRange     '3.1.2',
72 silly addNameRange     '3.2.0',
72 silly addNameRange     '3.2.1',
72 silly addNameRange     '3.2.2',
72 silly addNameRange     '3.2.3',
72 silly addNameRange     '3.2.4',
72 silly addNameRange     '3.2.5',
72 silly addNameRange     '3.2.6',
72 silly addNameRange     '3.3.0',
72 silly addNameRange     '3.3.1',
72 silly addNameRange     '3.3.2',
72 silly addNameRange     '3.3.3',
72 silly addNameRange     '3.3.4',
72 silly addNameRange     '3.3.5',
72 silly addNameRange     '3.3.6',
72 silly addNameRange     '1.0.0-beta',
72 silly addNameRange     '1.0.0-beta2',
72 silly addNameRange     '1.0.0-rc',
72 silly addNameRange     '1.0.0-rc2',
72 silly addNameRange     '1.0.0-rc3',
72 silly addNameRange     '1.0.0-rc4',
72 silly addNameRange     '2.0.0-beta',
72 silly addNameRange     '2.0.0-beta2',
72 silly addNameRange     '2.0.0-beta3',
72 silly addNameRange     '2.0.0-rc',
72 silly addNameRange     '2.0.0-rc2',
72 silly addNameRange     '2.0.0-rc3',
72 silly addNameRange     '3.0.0-alpha1',
72 silly addNameRange     '3.0.0-alpha2',
72 silly addNameRange     '3.0.0-alpha3',
72 silly addNameRange     '3.0.0-alpha4',
72 silly addNameRange     '3.0.0-alpha5',
72 silly addNameRange     '3.0.0-beta1',
72 silly addNameRange     '3.0.0-beta2',
72 silly addNameRange     '3.0.0-beta3',
72 silly addNameRange     '3.0.0-beta4',
72 silly addNameRange     '3.0.0-beta6',
72 silly addNameRange     '3.0.0-beta7',
72 silly addNameRange     '3.0.0-rc1',
72 silly addNameRange     '3.0.0-rc2',
72 silly addNameRange     '3.0.0-rc3',
72 silly addNameRange     '3.0.0-rc4',
72 silly addNameRange     '3.0.0-rc5',
72 silly addNameRange     '3.3.7',
72 silly addNameRange     '3.3.8',
72 silly addNameRange     '3.4.0',
72 silly addNameRange     '3.4.1',
72 silly addNameRange     '3.4.2',
72 silly addNameRange     '3.4.3',
72 silly addNameRange     '3.4.4',
72 silly addNameRange     '3.4.5',
72 silly addNameRange     '3.4.6',
72 silly addNameRange     '3.4.7',
72 silly addNameRange     '3.4.8',
72 silly addNameRange     '4.0.0-rc1',
72 silly addNameRange     '4.0.0-rc2',
72 silly addNameRange     '3.5.0',
72 silly addNameRange     '4.0.0-rc3',
72 silly addNameRange     '4.0.0-rc4',
72 silly addNameRange     '3.5.1',
72 silly addNameRange     '4.0.0',
72 silly addNameRange     '3.5.2',
72 silly addNameRange     '4.1.0',
72 silly addNameRange     '4.1.1',
72 silly addNameRange     '3.5.3',
72 silly addNameRange     '4.1.2',
72 silly addNameRange     '3.6.0',
72 silly addNameRange     '4.2.0',
72 silly addNameRange     '3.7.0',
72 silly addNameRange     '3.8.0',
72 silly addNameRange     '4.3.0',
72 silly addNameRange     '4.3.1',
72 silly addNameRange     '3.8.1',
72 silly addNameRange     '4.3.2',
72 silly addNameRange     '3.9.0',
72 silly addNameRange     '4.4.0',
72 silly addNameRange     '4.4.1',
72 silly addNameRange     '3.10.0',
72 silly addNameRange     '3.10.1',
72 silly addNameRange     '3.10.2',
72 silly addNameRange     '3.10.3',
72 silly addNameRange     '3.10.4',
72 silly addNameRange     '4.4.2',
72 silly addNameRange     '3.10.5',
72 silly addNameRange     '4.4.3',
72 silly addNameRange     '3.11.0',
72 silly addNameRange     '4.4.4',
72 silly addNameRange     '3.12.0',
72 silly addNameRange     '3.12.1',
72 silly addNameRange     '4.4.5',
72 silly addNameRange     '3.13.0',
72 silly addNameRange     '4.5.0',
72 silly addNameRange     '4.5.1',
72 silly addNameRange     '3.14.0',
72 silly addNameRange     '4.6.0',
72 silly addNameRange     '4.6.1',
72 silly addNameRange     '3.15.0',
72 silly addNameRange     '4.7.0',
72 silly addNameRange     '3.15.1',
72 silly addNameRange     '4.7.1',
72 silly addNameRange     '3.15.2',
72 silly addNameRange     '4.7.2',
72 silly addNameRange     '4.7.3',
72 silly addNameRange     '3.15.3',
72 silly addNameRange     '4.7.4',
72 silly addNameRange     '3.16.0',
72 silly addNameRange     '4.8.0',
72 silly addNameRange     '3.16.1',
72 silly addNameRange     '4.8.1',
72 silly addNameRange     '3.16.2',
72 silly addNameRange     '4.8.2',
72 silly addNameRange     '3.16.3',
72 silly addNameRange     '3.16.4',
72 silly addNameRange     '4.8.3',
72 silly addNameRange     '3.16.5',
72 silly addNameRange     '3.16.6',
72 silly addNameRange     '4.8.4',
72 silly addNameRange     '3.16.7',
72 silly addNameRange     '4.8.5',
72 silly addNameRange     '3.16.8',
72 silly addNameRange     '4.8.6',
72 silly addNameRange     '3.16.9',
72 silly addNameRange     '4.8.7',
72 silly addNameRange     '3.16.10',
72 silly addNameRange     '4.8.8',
72 silly addNameRange     '3.17.0',
72 silly addNameRange     '3.17.1',
72 silly addNameRange     '4.9.0',
72 silly addNameRange     '3.17.2',
72 silly addNameRange     '4.9.1',
72 silly addNameRange     '4.9.2',
72 silly addNameRange     '3.17.3',
72 silly addNameRange     '4.9.3',
72 silly addNameRange     '3.17.4',
72 silly addNameRange     '4.9.4',
72 silly addNameRange     '3.17.5',
72 silly addNameRange     '4.9.5',
72 silly addNameRange     '3.17.6',
72 silly addNameRange     '3.17.7',
72 silly addNameRange     '4.9.6',
72 silly addNameRange     '4.9.7',
72 silly addNameRange     '3.17.8',
72 silly addNameRange     '4.9.8',
72 silly addNameRange     '3.18.0',
72 silly addNameRange     '3.18.1',
72 silly addNameRange     '4.10.0',
72 silly addNameRange     '3.18.2',
72 silly addNameRange     '4.10.1',
72 silly addNameRange     '5.0.0-alpha.1',
72 silly addNameRange     '3.18.3',
72 silly addNameRange     '4.10.2',
72 silly addNameRange     '3.18.4',
72 silly addNameRange     '4.10.3',
72 silly addNameRange     '4.10.4',
72 silly addNameRange     '4.10.5',
72 silly addNameRange     '3.18.5',
72 silly addNameRange     '3.18.6',
72 silly addNameRange     '4.10.6',
72 silly addNameRange     '4.10.7',
72 silly addNameRange     '3.19.0',
72 silly addNameRange     '4.10.8',
72 silly addNameRange     '4.11.0',
72 silly addNameRange     '3.19.1',
72 silly addNameRange     '4.11.1',
72 silly addNameRange     '3.19.2',
72 silly addNameRange     '4.11.2',
72 silly addNameRange     '3.20.0',
72 silly addNameRange     '4.12.0',
72 silly addNameRange     '3.20.1',
72 silly addNameRange     '4.12.1',
72 silly addNameRange     '4.12.2',
72 silly addNameRange     '3.20.2',
72 silly addNameRange     '4.12.3' ] ]
73 verbose addNamed [ 'express', '4.12.3' ]
74 verbose addNamed [ '4.12.3', '4.12.3' ]
75 silly lockFile 0b3fc563-express-4-12-3 express@4.12.3
76 verbose lock express@4.12.3 /Users/antonio/.npm/0b3fc563-express-4-12-3.lock
77 silly lockFile c3db49de-s-org-express-express-4-12-3-tgz https://registry.npmjs.org/express/-/express-4.12.3.tgz
78 verbose lock https://registry.npmjs.org/express/-/express-4.12.3.tgz /Users/antonio/.npm/c3db49de-s-org-express-express-4-12-3-tgz.lock
79 verbose addRemoteTarball [ 'https://registry.npmjs.org/express/-/express-4.12.3.tgz',
79 verbose addRemoteTarball   '6b9d94aec5ae03270d86d390c277a8c5a5ad0ee2' ]
80 info retry fetch attempt 1 at 12:21:22
81 verbose fetch to= /var/folders/pd/rrd8qx1n5fs9rzl92h1x2gnm0000gn/T/npm-37697-iYORUhn5/registry.npmjs.org/express/-/express-4.12.3.tgz
82 http GET https://registry.npmjs.org/express/-/express-4.12.3.tgz
83 http 200 https://registry.npmjs.org/express/-/express-4.12.3.tgz
84 silly lockFile c3db49de-s-org-express-express-4-12-3-tgz https://registry.npmjs.org/express/-/express-4.12.3.tgz
85 silly lockFile c3db49de-s-org-express-express-4-12-3-tgz https://registry.npmjs.org/express/-/express-4.12.3.tgz
86 silly lockFile 0b3fc563-express-4-12-3 express@4.12.3
87 silly lockFile 0b3fc563-express-4-12-3 express@4.12.3
88 silly lockFile 2ccc2f38-express-4-4-5 express@^4.4.5
89 silly lockFile 2ccc2f38-express-4-4-5 express@^4.4.5
90 error Error: EACCES, mkdir '/Users/antonio/.npm/body-parser/1.12.3'
90 error  { [Error: EACCES, mkdir '/Users/antonio/.npm/body-parser/1.12.3']
90 error   errno: 3,
90 error   code: 'EACCES',
90 error   path: '/Users/antonio/.npm/body-parser/1.12.3',
90 error   parent: 'react-tutorial' }
91 error Please try running this command again as root/Administrator.
92 error System Darwin 13.4.0
93 error command "/usr/local/bin/node" "/usr/local/bin/npm" "install"
94 error cwd /projects/puppycamera
95 error node -v v0.10.33
96 error npm -v 1.4.28
97 error path /Users/antonio/.npm/body-parser/1.12.3
98 error code EACCES
99 error errno 3
100 error stack Error: EACCES, mkdir '/Users/antonio/.npm/body-parser/1.12.3'
101 verbose exit [ 3, true ]
